<?xml version="1.0" encoding="UTF-8"?>
<testsuite name="com.asprotunity.queryiteasy.acceptance_tests.SupportedTypesTest" tests="13" skipped="0" failures="0" errors="0" timestamp="2016-02-04T14:59:43" hostname="Giovannis-MBP" time="0.072">
  <properties/>
  <testcase name="handles_bytes_correctly" classname="com.asprotunity.queryiteasy.acceptance_tests.SupportedTypesTest" time="0.006"/>
  <testcase name="handles_integers_correctly" classname="com.asprotunity.queryiteasy.acceptance_tests.SupportedTypesTest" time="0.006"/>
  <testcase name="handles_short_integers_correctly" classname="com.asprotunity.queryiteasy.acceptance_tests.SupportedTypesTest" time="0.006"/>
  <testcase name="handles_longs_correctly" classname="com.asprotunity.queryiteasy.acceptance_tests.SupportedTypesTest" time="0.005"/>
  <testcase name="handles_doubles_mapped_to_double_correctly" classname="com.asprotunity.queryiteasy.acceptance_tests.SupportedTypesTest" time="0.004"/>
  <testcase name="handles_big_decimals_as_numeric_correctly" classname="com.asprotunity.queryiteasy.acceptance_tests.SupportedTypesTest" time="0.005"/>
  <testcase name="handles_floats_correctly" classname="com.asprotunity.queryiteasy.acceptance_tests.SupportedTypesTest" time="0.005"/>
  <testcase name="handles_big_decimals_as_decimal_correctly" classname="com.asprotunity.queryiteasy.acceptance_tests.SupportedTypesTest" time="0.003"/>
  <testcase name="handles_booleans_correctly" classname="com.asprotunity.queryiteasy.acceptance_tests.SupportedTypesTest" time="0.002"/>
  <testcase name="handles_timestamps_correctly" classname="com.asprotunity.queryiteasy.acceptance_tests.SupportedTypesTest" time="0.01"/>
  <testcase name="handles_dates_correctly" classname="com.asprotunity.queryiteasy.acceptance_tests.SupportedTypesTest" time="0.005"/>
  <testcase name="handles_doubles_mapped_to_float_correctly" classname="com.asprotunity.queryiteasy.acceptance_tests.SupportedTypesTest" time="0.004"/>
  <testcase name="handles_times_correctly" classname="com.asprotunity.queryiteasy.acceptance_tests.SupportedTypesTest" time="0.006"/>
  <system-out><![CDATA[]]></system-out>
  <system-err><![CDATA[]]></system-err>
</testsuite>
