<?xml version="1.0" encoding="UTF-8"?>
<testsuite name="com.asprotunity.queryiteasy.internal.RowFromResultSetTest" tests="1" skipped="0" failures="0" errors="0" timestamp="2016-02-04T14:59:41" hostname="Giovannis-MBP" time="0.086">
  <properties/>
  <testcase name="column_names_are_normalised_correctly_at_creation" classname="com.asprotunity.queryiteasy.internal.RowFromResultSetTest" time="0.086"/>
  <system-out><![CDATA[]]></system-out>
  <system-err><![CDATA[]]></system-err>
</testsuite>
